<?xml version="1.0" encoding="UTF-8"?>
<testsuite name="com.microsoft.bot.sample.echo.ApplicationTest" tests="1" skipped="0" failures="0" errors="0" timestamp="2021-02-18T15:54:28" hostname="LAPTOP-SG6KU0JR" time="0.257">
  <properties/>
  <testcase name="contextLoads" classname="com.microsoft.bot.sample.echo.ApplicationTest" time="0.257"/>
  <system-out><![CDATA[16:54:27.496 [Test worker] DEBUG org.springframework.test.context.junit4.SpringJUnit4ClassRunner - SpringJUnit4ClassRunner constructor called with [class com.microsoft.bot.sample.echo.ApplicationTest]
16:54:27.506 [Test worker] DEBUG org.springframework.test.context.BootstrapUtils - Instantiating CacheAwareContextLoaderDelegate from class [org.springframework.test.context.cache.DefaultCacheAwareContextLoaderDelegate]
16:54:27.516 [Test worker] DEBUG org.springframework.test.context.BootstrapUtils - Instantiating BootstrapContext using constructor [public org.springframework.test.context.support.DefaultBootstrapContext(java.lang.Class,org.springframework.test.context.CacheAwareContextLoaderDelegate)]
16:54:27.545 [Test worker] DEBUG org.springframework.test.context.BootstrapUtils - Instantiating TestContextBootstrapper for test class [com.microsoft.bot.sample.echo.ApplicationTest] from class [org.springframework.boot.test.context.SpringBootTestContextBootstrapper]
16:54:27.552 [Test worker] INFO org.springframework.boot.test.context.SpringBootTestContextBootstrapper - Neither @ContextConfiguration nor @ContextHierarchy found for test class [com.microsoft.bot.sample.echo.ApplicationTest], using SpringBootContextLoader
16:54:27.555 [Test worker] DEBUG org.springframework.test.context.support.AbstractContextLoader - Did not detect default resource location for test class [com.microsoft.bot.sample.echo.ApplicationTest]: class path resource [com/microsoft/bot/sample/echo/ApplicationTest-context.xml] does not exist
16:54:27.556 [Test worker] DEBUG org.springframework.test.context.support.AbstractContextLoader - Did not detect default resource location for test class [com.microsoft.bot.sample.echo.ApplicationTest]: class path resource [com/microsoft/bot/sample/echo/ApplicationTestContext.groovy] does not exist
16:54:27.556 [Test worker] INFO org.springframework.test.context.support.AbstractContextLoader - Could not detect default resource locations for test class [com.microsoft.bot.sample.echo.ApplicationTest]: no resource found for suffixes {-context.xml, Context.groovy}.
16:54:27.556 [Test worker] INFO org.springframework.test.context.support.AnnotationConfigContextLoaderUtils - Could not detect default configuration classes for test class [com.microsoft.bot.sample.echo.ApplicationTest]: ApplicationTest does not declare any static, non-private, non-final, nested classes annotated with @Configuration.
16:54:27.593 [Test worker] DEBUG org.springframework.test.context.support.ActiveProfilesUtils - Could not find an 'annotation declaring class' for annotation type [org.springframework.test.context.ActiveProfiles] and class [com.microsoft.bot.sample.echo.ApplicationTest]
16:54:27.640 [Test worker] DEBUG org.springframework.context.annotation.ClassPathScanningCandidateComponentProvider - Identified candidate component class: file [C:\Users\SWCode-Zakir\Documents\teams-bot-dobbi\build\classes\java\main\com\microsoft\bot\sample\echo\Application.class]
16:54:27.642 [Test worker] INFO org.springframework.boot.test.context.SpringBootTestContextBootstrapper - Found @SpringBootConfiguration com.microsoft.bot.sample.echo.Application for test class com.microsoft.bot.sample.echo.ApplicationTest
16:54:27.719 [Test worker] DEBUG org.springframework.boot.test.context.SpringBootTestContextBootstrapper - @TestExecutionListeners is not present for class [com.microsoft.bot.sample.echo.ApplicationTest]: using defaults.
16:54:27.719 [Test worker] INFO org.springframework.boot.test.context.SpringBootTestContextBootstrapper - Loaded default TestExecutionListener class names from location [META-INF/spring.factories]: [org.springframework.boot.test.autoconfigure.restdocs.RestDocsTestExecutionListener, org.springframework.boot.test.autoconfigure.web.client.MockRestServiceServerResetTestExecutionListener, org.springframework.boot.test.autoconfigure.web.servlet.MockMvcPrintOnlyOnFailureTestExecutionListener, org.springframework.boot.test.autoconfigure.web.servlet.WebDriverTestExecutionListener, org.springframework.boot.test.autoconfigure.webservices.client.MockWebServiceServerTestExecutionListener, org.springframework.boot.test.mock.mockito.MockitoTestExecutionListener, org.springframework.boot.test.mock.mockito.ResetMocksTestExecutionListener, org.springframework.test.context.web.ServletTestExecutionListener, org.springframework.test.context.support.DirtiesContextBeforeModesTestExecutionListener, org.springframework.test.context.support.DependencyInjectionTestExecutionListener, org.springframework.test.context.support.DirtiesContextTestExecutionListener, org.springframework.test.context.transaction.TransactionalTestExecutionListener, org.springframework.test.context.jdbc.SqlScriptsTestExecutionListener, org.springframework.test.context.event.EventPublishingTestExecutionListener]
16:54:27.727 [Test worker] DEBUG org.springframework.boot.test.context.SpringBootTestContextBootstrapper - Skipping candidate TestExecutionListener [org.springframework.test.context.transaction.TransactionalTestExecutionListener] due to a missing dependency. Specify custom listener classes or make the default listener classes and their required dependencies available. Offending class: [org/springframework/transaction/interceptor/TransactionAttributeSource]
16:54:27.728 [Test worker] DEBUG org.springframework.boot.test.context.SpringBootTestContextBootstrapper - Skipping candidate TestExecutionListener [org.springframework.test.context.jdbc.SqlScriptsTestExecutionListener] due to a missing dependency. Specify custom listener classes or make the default listener classes and their required dependencies available. Offending class: [org/springframework/transaction/interceptor/TransactionAttribute]
16:54:27.728 [Test worker] INFO org.springframework.boot.test.context.SpringBootTestContextBootstrapper - Using TestExecutionListeners: [org.springframework.test.context.web.ServletTestExecutionListener@1640054c, org.springframework.test.context.support.DirtiesContextBeforeModesTestExecutionListener@3ea0856c, org.springframework.boot.test.mock.mockito.MockitoTestExecutionListener@547e6347, org.springframework.boot.test.autoconfigure.SpringBootDependencyInjectionTestExecutionListener@138e272a, org.springframework.test.context.support.DirtiesContextTestExecutionListener@5f22a72, org.springframework.test.context.event.EventPublishingTestExecutionListener@3fc34445, org.springframework.boot.test.autoconfigure.restdocs.RestDocsTestExecutionListener@18006ca1, org.springframework.boot.test.autoconfigure.web.client.MockRestServiceServerResetTestExecutionListener@7ad5affc, org.springframework.boot.test.autoconfigure.web.servlet.MockMvcPrintOnlyOnFailureTestExecutionListener@6ee0bb6e, org.springframework.boot.test.autoconfigure.web.servlet.WebDriverTestExecutionListener@4ba42b9b, org.springframework.boot.test.autoconfigure.webservices.client.MockWebServiceServerTestExecutionListener@50da232a, org.springframework.boot.test.mock.mockito.ResetMocksTestExecutionListener@7a7cc82]
16:54:27.729 [Test worker] DEBUG org.springframework.test.annotation.ProfileValueUtils - Retrieved @ProfileValueSourceConfiguration [null] for test class [com.microsoft.bot.sample.echo.ApplicationTest]
16:54:27.730 [Test worker] DEBUG org.springframework.test.annotation.ProfileValueUtils - Retrieved ProfileValueSource type [class org.springframework.test.annotation.SystemProfileValueSource] for class [com.microsoft.bot.sample.echo.ApplicationTest]
16:54:27.731 [Test worker] DEBUG org.springframework.test.annotation.ProfileValueUtils - Retrieved @ProfileValueSourceConfiguration [null] for test class [com.microsoft.bot.sample.echo.ApplicationTest]
16:54:27.731 [Test worker] DEBUG org.springframework.test.annotation.ProfileValueUtils - Retrieved ProfileValueSource type [class org.springframework.test.annotation.SystemProfileValueSource] for class [com.microsoft.bot.sample.echo.ApplicationTest]
16:54:27.732 [Test worker] DEBUG org.springframework.test.annotation.ProfileValueUtils - Retrieved @ProfileValueSourceConfiguration [null] for test class [com.microsoft.bot.sample.echo.ApplicationTest]
16:54:27.732 [Test worker] DEBUG org.springframework.test.annotation.ProfileValueUtils - Retrieved ProfileValueSource type [class org.springframework.test.annotation.SystemProfileValueSource] for class [com.microsoft.bot.sample.echo.ApplicationTest]
16:54:27.733 [Test worker] DEBUG org.springframework.test.annotation.ProfileValueUtils - Retrieved @ProfileValueSourceConfiguration [null] for test class [com.microsoft.bot.sample.echo.ApplicationTest]
16:54:27.733 [Test worker] DEBUG org.springframework.test.annotation.ProfileValueUtils - Retrieved ProfileValueSource type [class org.springframework.test.annotation.SystemProfileValueSource] for class [com.microsoft.bot.sample.echo.ApplicationTest]
16:54:27.737 [Test worker] DEBUG org.springframework.test.context.support.AbstractDirtiesContextTestExecutionListener - Before test class: context [DefaultTestContext@3b9acca0 testClass = ApplicationTest, testInstance = [null], testMethod = [null], testException = [null], mergedContextConfiguration = [WebMergedContextConfiguration@58bf8c30 testClass = ApplicationTest, locations = '{}', classes = '{class com.microsoft.bot.sample.echo.Application}', contextInitializerClasses = '[]', activeProfiles = '{}', propertySourceLocations = '{}', propertySourceProperties = '{org.springframework.boot.test.context.SpringBootTestContextBootstrapper=true}', contextCustomizers = set[org.springframework.boot.test.autoconfigure.actuate.metrics.MetricsExportContextCustomizerFactory$DisableMetricExportContextCustomizer@781d8e8e, org.springframework.boot.test.autoconfigure.properties.PropertyMappingContextCustomizer@0, org.springframework.boot.test.autoconfigure.web.servlet.WebDriverContextCustomizerFactory$Customizer@146d6e4d, org.springframework.boot.test.context.filter.ExcludeFilterContextCustomizer@c63c190, org.springframework.boot.test.json.DuplicateJsonObjectContextCustomizerFactory$DuplicateJsonObjectContextCustomizer@678117cd, org.springframework.boot.test.mock.mockito.MockitoContextCustomizer@0, org.springframework.boot.test.web.client.TestRestTemplateContextCustomizer@2ad001b2, org.springframework.boot.test.web.reactive.server.WebTestClientContextCustomizer@5603a97b, org.springframework.boot.test.context.SpringBootTestArgs@1, org.springframework.boot.test.context.SpringBootTestWebEnvironment@212c9caf], resourceBasePath = 'src/main/webapp', contextLoader = 'org.springframework.boot.test.context.SpringBootContextLoader', parent = [null]], attributes = map['org.springframework.test.context.web.ServletTestExecutionListener.activateListener' -> true]], class annotated with @DirtiesContext [false] with mode [null].
16:54:27.738 [Test worker] DEBUG org.springframework.test.annotation.ProfileValueUtils - Retrieved @ProfileValueSourceConfiguration [null] for test class [com.microsoft.bot.sample.echo.ApplicationTest]
16:54:27.738 [Test worker] DEBUG org.springframework.test.annotation.ProfileValueUtils - Retrieved ProfileValueSource type [class org.springframework.test.annotation.SystemProfileValueSource] for class [com.microsoft.bot.sample.echo.ApplicationTest]
16:54:27.756 [Test worker] DEBUG org.springframework.test.context.support.TestPropertySourceUtils - Adding inlined properties to environment: {spring.jmx.enabled=false, org.springframework.boot.test.context.SpringBootTestContextBootstrapper=true}

  .   ____          _            __ _ _
 /\\ / ___'_ __ _ _(_)_ __  __ _ \ \ \ \
( ( )\___ | '_ | '_| | '_ \/ _` | \ \ \ \
 \\/  ___)| |_)| | | | | || (_| |  ) ) ) )
  '  |____| .__|_| |_|_| |_\__, | / / / /
 =========|_|==============|___/=/_/_/_/
 :: Spring Boot ::                (v2.4.0)

2021-02-18 16:54:27.954  INFO 10404 --- [    Test worker] c.m.bot.sample.echo.ApplicationTest      : Starting ApplicationTest using Java 15.0.2 on LAPTOP-SG6KU0JR with PID 10404 (started by SWCode-Zakir in C:\Users\SWCode-Zakir\Documents\teams-bot-dobbi)
2021-02-18 16:54:27.956  INFO 10404 --- [    Test worker] c.m.bot.sample.echo.ApplicationTest      : No active profile set, falling back to default profiles: default
2021-02-18 16:54:28.840  INFO 10404 --- [    Test worker] o.s.b.a.w.s.WelcomePageHandlerMapping    : Adding welcome page: ServletContext resource [/index.html]
2021-02-18 16:54:28.972  INFO 10404 --- [    Test worker] c.m.bot.sample.echo.ApplicationTest      : Started ApplicationTest in 1.21 seconds (JVM running for 1.974)
]]></system-out>
  <system-err><![CDATA[]]></system-err>
</testsuite>
